Build started 12/11/2014 7:11:35 PM.
     1>Project "C:\Users\Gregory Venezia\Documents\GitHub\Final-Project\FinalExperiments1\FinalExperiments\FinalExperiments.vcxproj" on node 2 (Build target(s)).
     1>ClCompile:
         C:\Program Files\Microsoft Visual Studio 12.0\VC\bin\CL.exe /c /ZI /nologo /W3 /WX- /sdl /Od /Oy- /D _MBCS /Gm /EHsc /RTC1 /MDd /GS /fp:precise /Zc:wchar_t /Zc:forScope /Fo"Debug\\" /Fd"Debug\vc120.pdb" /Gd /TP /analyze- /errorReport:prompt Terrain.cpp
         Terrain.cpp
     1>c:\users\gregory venezia\documents\github\final-project\finalexperiments1\finalexperiments\terrain.cpp(77): warning C4244: 'initializing' : conversion from 'int' to 'GLfloat', possible loss of data
     1>c:\users\gregory venezia\documents\github\final-project\finalexperiments1\finalexperiments\terrain.cpp(199): warning C4244: 'initializing' : conversion from 'double' to 'float', possible loss of data
     1>c:\users\gregory venezia\documents\github\final-project\finalexperiments1\finalexperiments\terrain.cpp(241): warning C4244: 'initializing' : conversion from 'double' to 'float', possible loss of data
     1>c:\users\gregory venezia\documents\github\final-project\finalexperiments1\finalexperiments\terrain.cpp(387): warning C4800: 'int' : forcing value to bool 'true' or 'false' (performance warning)
       Link:
         C:\Program Files\Microsoft Visual Studio 12.0\VC\bin\link.exe /ERRORREPORT:PROMPT /OUT:"C:\Users\Gregory Venezia\Documents\GitHub\Final-Project\FinalExperiments1\Debug\FinalExperiments.exe" /INCREMENTAL /NOLOGO freeglut.lib glew32.lib kernel32.lib user32.lib gdi32.lib winspool.lib comdlg32.lib advapi32.lib shell32.lib ole32.lib oleaut32.lib uuid.lib odbc32.lib odbccp32.lib /MANIFEST /MANIFESTUAC:"level='asInvoker' uiAccess='false'" /manifest:embed /DEBUG /PDB:"C:\Users\Gregory Venezia\Documents\GitHub\Final-Project\FinalExperiments1\Debug\FinalExperiments.pdb" /TLBID:1 /DYNAMICBASE /NXCOMPAT /IMPLIB:"C:\Users\Gregory Venezia\Documents\GitHub\Final-Project\FinalExperiments1\Debug\FinalExperiments.lib" /MACHINE:X86 Debug\Camera.obj
         Debug\Light.obj
         Debug\LoadShaders.obj
         Debug\lodepng.obj
         Debug\main.obj
         Debug\Model.obj
         Debug\Object.obj
         Debug\Ray.obj
         Debug\Shader.obj
         Debug\ShadowMap.obj
         Debug\Terrain.obj
         Debug\Texture.obj
         Debug\TextureManager.obj
         Debug\Water.obj
         Debug\World.obj
         FinalExperiments.vcxproj -> C:\Users\Gregory Venezia\Documents\GitHub\Final-Project\FinalExperiments1\Debug\FinalExperiments.exe
     1>Done Building Project "C:\Users\Gregory Venezia\Documents\GitHub\Final-Project\FinalExperiments1\FinalExperiments\FinalExperiments.vcxproj" (Build target(s)).

Build succeeded.

Time Elapsed 00:00:01.95
